2025-03-25 03:07:42,919 - INFO - Method=GET Path=/ Status=200 Duration=0.00s
2025-03-25 03:07:43,361 - INFO - Method=GET Path=/favicon.ico Status=200 Duration=0.03s
2025-03-25 03:23:46,576 - INFO - Method=GET Path=/ Status=307 Duration=0.00s
2025-03-25 03:23:46,657 - INFO - Method=GET Path=/login Status=200 Duration=0.08s
2025-03-25 03:23:53,689 - INFO - Method=GET Path=/login Status=200 Duration=0.00s
2025-03-25 03:24:08,370 - INFO - Method=GET Path=/home Status=404 Duration=0.00s
2025-03-25 03:25:56,906 - INFO - Method=GET Path=/ Status=307 Duration=0.00s
2025-03-25 03:27:06,504 - INFO - Method=GET Path=/ Status=307 Duration=0.00s
2025-03-25 03:27:06,564 - INFO - Method=GET Path=/login Status=200 Duration=0.05s
2025-03-25 03:27:06,914 - INFO - Method=GET Path=/favicon.ico Status=200 Duration=0.00s
2025-03-25 03:27:18,148 - INFO - Method=GET Path=/login Status=200 Duration=0.00s
2025-03-25 03:27:44,027 - INFO - Method=GET Path=/login Status=200 Duration=0.00s
2025-03-25 03:29:51,272 - INFO - Method=GET Path=/ Status=307 Duration=0.00s
2025-03-25 03:34:01,636 - INFO - Method=GET Path=/ Status=307 Duration=0.00s
2025-03-25 03:35:12,370 - INFO - Method=GET Path=/ Status=307 Duration=0.00s
2025-03-25 03:38:21,216 - INFO - Method=GET Path=/ Status=307 Duration=0.00s
2025-03-25 03:42:41,500 - INFO - Method=GET Path=/ Status=307 Duration=0.00s
2025-03-25 03:43:35,129 - INFO - Method=POST Path=/login Status=303 Duration=0.01s
2025-03-25 03:47:26,004 - INFO - Method=GET Path=/ Status=307 Duration=0.00s
2025-03-25 03:49:48,262 - INFO - Method=POST Path=/login Status=303 Duration=0.00s
2025-03-25 03:53:28,252 - INFO - Method=GET Path=/ Status=307 Duration=0.00s
2025-03-25 03:56:49,587 - INFO - Method=GET Path=/login Status=200 Duration=0.06s
2025-03-25 03:56:51,429 - INFO - Method=GET Path=/ Status=307 Duration=0.00s
2025-03-25 03:57:04,018 - INFO - Method=GET Path=/login Status=200 Duration=0.00s
2025-03-25 03:57:15,505 - INFO - Method=POST Path=/login Status=303 Duration=0.00s
2025-03-25 03:57:15,509 - INFO - Method=GET Path=/ Status=200 Duration=0.00s
2025-03-25 03:57:15,526 - INFO - Method=GET Path=/ Status=200 Duration=0.00s
2025-03-25 03:57:41,677 - INFO - Method=GET Path=/ Status=200 Duration=0.00s
2025-03-25 03:57:47,375 - INFO - Method=GET Path=/ Status=200 Duration=0.00s
2025-03-25 03:58:20,273 - INFO - Method=GET Path=/ Status=200 Duration=0.00s
2025-03-25 04:00:04,726 - INFO - Method=GET Path=/ Status=307 Duration=0.00s
2025-03-25 04:00:04,757 - INFO - Method=GET Path=/login Status=200 Duration=0.03s
2025-03-25 04:00:09,636 - INFO - Method=POST Path=/login Status=303 Duration=0.00s
2025-03-25 04:00:09,640 - INFO - Method=GET Path=/ Status=200 Duration=0.00s
2025-03-25 04:00:09,653 - INFO - Method=GET Path=/ Status=200 Duration=0.00s
2025-03-25 04:01:48,680 - INFO - Method=GET Path=/ Status=307 Duration=0.00s
2025-03-25 04:01:48,703 - INFO - Method=GET Path=/login Status=200 Duration=0.02s
2025-03-25 04:01:55,700 - INFO - Method=POST Path=/login Status=303 Duration=0.00s
2025-03-25 04:01:55,704 - INFO - Method=GET Path=/ Status=200 Duration=0.00s
2025-03-25 04:01:55,720 - INFO - Method=GET Path=/ Status=200 Duration=0.00s
2025-03-25 04:02:14,427 - INFO - Method=GET Path=/login Status=200 Duration=0.00s
2025-03-25 04:02:21,074 - INFO - Method=GET Path=/ Status=307 Duration=0.00s
2025-03-25 04:02:21,078 - INFO - Method=GET Path=/login Status=200 Duration=0.00s
2025-03-25 04:02:21,527 - INFO - Method=GET Path=/favicon.ico Status=200 Duration=0.00s
2025-03-25 04:02:29,637 - INFO - Method=POST Path=/login Status=303 Duration=0.00s
2025-03-25 04:02:29,640 - INFO - Method=GET Path=/ Status=200 Duration=0.00s
2025-03-25 04:02:29,657 - INFO - Method=GET Path=/ Status=200 Duration=0.00s
